<?xml version="1.0" encoding="UTF-8"?>
<!-- Generated by org.testng.reporters.JUnitReportReporter -->
<testsuite hostname="TX717-7310MSL" name="testscripts.MRI.TC_MRI_001_RenewThisLease" tests="1" failures="0" timestamp="20 Mar 2018 17:08:31 GMT" time="1.793" errors="1">
  <testcase name="runTC_NewApplication_MRI_001" time="1.793" classname="testscripts.MRI.TC_MRI_001_RenewThisLease">
    <error type="java.lang.RuntimeException" message="javax.net.ssl.SSLProtocolException: Data received in non-data state: 6">
      <![CDATA[java.lang.RuntimeException: javax.net.ssl.SSLProtocolException: Data received in non-data state: 6
	at io.github.bonigarcia.wdm.BrowserManager.manage(BrowserManager.java:262)
	at io.github.bonigarcia.wdm.BrowserManager.setup(BrowserManager.java:765)
	at io.github.bonigarcia.wdm.BrowserManager.setup(BrowserManager.java:725)
	at com.cognizant.framework.selenium.WebDriverFactory.getWebDriver(WebDriverFactory.java:57)
	at com.cognizant.Craft.DriverScript.initializeWebDriver(DriverScript.java:268)
	at com.cognizant.Craft.DriverScript.driveTestExecution(DriverScript.java:147)
	at testscripts.MRI.TC_MRI_001_RenewThisLease.runTC_NewApplication_MRI_001(TC_MRI_001_RenewThisLease.java:31)
	at sun.reflect.NativeMethodAccessorImpl.invoke0(Native Method)
	at sun.reflect.NativeMethodAccessorImpl.invoke(NativeMethodAccessorImpl.java:62)
	at sun.reflect.DelegatingMethodAccessorImpl.invoke(DelegatingMethodAccessorImpl.java:43)
	at java.lang.reflect.Method.invoke(Method.java:498)
	at org.testng.internal.MethodInvocationHelper.invokeMethod(MethodInvocationHelper.java:86)
	at org.testng.internal.Invoker.invokeMethod(Invoker.java:643)
	at org.testng.internal.Invoker.invokeTestMethod(Invoker.java:820)
	at org.testng.internal.Invoker.invokeTestMethods(Invoker.java:1128)
	at org.testng.internal.TestMethodWorker.invokeTestMethods(TestMethodWorker.java:129)
	at org.testng.internal.TestMethodWorker.run(TestMethodWorker.java:112)
	at java.util.concurrent.ThreadPoolExecutor.runWorker(ThreadPoolExecutor.java:1149)
	at java.util.concurrent.ThreadPoolExecutor$Worker.run(ThreadPoolExecutor.java:624)
	at java.lang.Thread.run(Thread.java:748)
Caused by: javax.net.ssl.SSLProtocolException: Data received in non-data state: 6
	at sun.security.ssl.SSLSocketImpl.readRecord(SSLSocketImpl.java:1119)
	at sun.security.ssl.SSLSocketImpl.readDataRecord(SSLSocketImpl.java:940)
	at sun.security.ssl.AppInputStream.read(AppInputStream.java:105)
	at org.apache.http.impl.conn.LoggingInputStream.read(LoggingInputStream.java:87)
	at org.apache.http.impl.io.SessionInputBufferImpl.streamRead(SessionInputBufferImpl.java:139)
	at org.apache.http.impl.io.SessionInputBufferImpl.read(SessionInputBufferImpl.java:200)
	at org.apache.http.impl.io.ContentLengthInputStream.read(ContentLengthInputStream.java:178)
	at org.apache.http.conn.EofSensorInputStream.read(EofSensorInputStream.java:137)
	at org.apache.http.conn.EofSensorInputStream.read(EofSensorInputStream.java:150)
	at org.apache.commons.io.IOUtils.copyLarge(IOUtils.java:2146)
	at org.apache.commons.io.IOUtils.copy(IOUtils.java:2102)
	at org.apache.commons.io.IOUtils.copyLarge(IOUtils.java:2123)
	at org.apache.commons.io.IOUtils.copy(IOUtils.java:2078)
	at org.apache.commons.io.FileUtils.copyToFile(FileUtils.java:1554)
	at org.apache.commons.io.FileUtils.copyInputStreamToFile(FileUtils.java:1528)
	at io.github.bonigarcia.wdm.Downloader.download(Downloader.java:109)
	at io.github.bonigarcia.wdm.BrowserManager.manage(BrowserManager.java:255)
	... 19 more
]]>
    </error>
  </testcase> <!-- runTC_NewApplication_MRI_001 -->
</testsuite> <!-- testscripts.MRI.TC_MRI_001_RenewThisLease -->
