<?xml version="1.0" encoding="UTF-8"?>
<!-- Generated by org.testng.reporters.JUnitReportReporter -->
<testsuite hostname="TX717-7310MSL" name="testscripts.NewApplication.TC_MRI_001" tests="1" failures="0" timestamp="29 Jan 2018 20:55:38 GMT" time="46.136" errors="0">
  <testcase name="runTC_NewApplication_MRI_001" time="46.136" classname="testscripts.NewApplication.TC_MRI_001"/>
</testsuite> <!-- testscripts.NewApplication.TC_MRI_001 -->
