<?xml version="1.0" encoding="UTF-8"?>
<!-- Generated by org.testng.reporters.JUnitReportReporter -->
<testsuite hostname="TX717-7310MSL" name="testscripts.NewApplication.TC_MRI_002_TransferToAnotherSuite" tests="1" failures="0" timestamp="30 Jan 2018 17:04:48 GMT" time="41.797" errors="0">
  <testcase name="runTC_NewApplication_MRI_001" time="41.797" classname="testscripts.NewApplication.TC_MRI_002_TransferToAnotherSuite"/>
</testsuite> <!-- testscripts.NewApplication.TC_MRI_002_TransferToAnotherSuite -->
